Super2048/proguard/seeds.txt
com.itjiehun.magic.fbb.MainActivity
com.itjiehun.magic.fbb.MainActivity: MainActivity()
...
android.support.v4.widget.DrawerLayout$SavedState
android.support.v4.widget.DrawerLayout$SavedState: android.os.Parcelable$Creator CREATOR
android.support.v4.widget.SlidingPaneLayout
android.support.v4.widget.SlidingPaneLayout: SlidingPaneLayout(android.content.Context,android.util.AttributeSet)
android.support.v4.widget.SlidingPaneLayout: SlidingPaneLayout(android.content.Context,android.util.AttributeSet,int)
android.support.v4.widget.SlidingPaneLayout$LayoutParams
android.support.v4.widget.SlidingPaneLayout$LayoutParams: SlidingPaneLayout$LayoutParams(android.content.Context,android.util.AttributeSet)
android.support.v4.widget.SlidingPaneLayout$SavedState
android.support.v4.widget.SlidingPaneLayout$SavedState: android.os.Parcelable$Creator CREATOR
cn.waps.ad
com.umeng.analytics.Gender: com.umeng.analytics.Gender[] values()
com.umeng.analytics.Gender: com.umeng.analytics.Gender valueOf(java.lang.String)
com.umeng.analytics.social.UMPlatformData$GENDER: com.umeng.analytics.social.UMPlatformData$GENDER[] values()
com.umeng.analytics.social.UMPlatformData$GENDER: com.umeng.analytics.social.UMPlatformData$GENDER valueOf(java.lang.String)
com.umeng.analytics.social.UMPlatformData$UMedia: com.umeng.analytics.social.UMPlatformData$UMedia[] values()
com.umeng.analytics.social.UMPlatformData$UMedia: com.umeng.analytics.social.UMPlatformData$UMedia valueOf(java.lang.String)
com.umeng.fb.ContactActivity
com.umeng.fb.ConversationActivity
com.umeng.fb.model.Reply$STATUS: com.umeng.fb.model.Reply$STATUS[] values()
com.umeng.fb.model.Reply$STATUS: com.umeng.fb.model.Reply$STATUS valueOf(java.lang.String)
com.umeng.fb.model.Reply$TYPE: com.umeng.fb.model.Reply$TYPE[] values()
com.umeng.fb.model.Reply$TYPE: com.umeng.fb.model.Reply$TYPE valueOf(java.lang.String)
com.umeng.update.UpdateDialogActivity
com.umeng.update.UpdateDialogActivity: UpdateDialogActivity()
com.umeng.update.net.DownloadingService
com.umeng.update.net.DownloadingService: DownloadingService()
com.umeng.update.net.i$a: com.umeng.update.net.i$a[] values()
com.umeng.update.net.i$a: com.umeng.update.net.i$a valueOf(java.lang.String)
com.umeng.update.net.j$b: com.umeng.update.net.j$b[] values()
com.umeng.update.net.j$b: com.umeng.update.net.j$b valueOf(java.lang.String)
com.umeng.update.util.DeltaUpdate
com.umeng.update.util.DeltaUpdate: int bspatch(java.lang.String,java.lang.String,java.lang.String)
u.aly.G: u.aly.G[] values()
u.aly.G: u.aly.G valueOf(java.lang.String)
u.aly.H$e: u.aly.H$e[] values()
u.aly.H$e: u.aly.H$e valueOf(java.lang.String)
u.aly.I$e: u.aly.I$e[] values()
u.aly.I$e: u.aly.I$e valueOf(java.lang.String)
u.aly.J$e: u.aly.J$e[] values()
u.aly.J$e: u.aly.J$e valueOf(java.lang.String)
u.aly.K$e: u.aly.K$e[] values()
u.aly.K$e: u.aly.K$e valueOf(java.lang.String)
u.aly.L$e: u.aly.L$e[] values()
u.aly.L$e: u.aly.L$e valueOf(java.lang.String)
u.aly.M$e: u.aly.M$e[] values()
u.aly.M$e: u.aly.M$e valueOf(java.lang.String)
u.aly.N: u.aly.N[] values()
u.aly.N: u.aly.N valueOf(java.lang.String)
u.aly.O$e: u.aly.O$e[] values()
u.aly.O$e: u.aly.O$e valueOf(java.lang.String)
u.aly.P: u.aly.P[] values()
u.aly.P: u.aly.P valueOf(java.lang.String)
u.aly.Q$e: u.aly.Q$e[] values()
u.aly.Q$e: u.aly.Q$e valueOf(java.lang.String)
u.aly.R$e: u.aly.R$e[] values()
u.aly.R$e: u.aly.R$e valueOf(java.lang.String)
u.aly.S$e: u.aly.S$e[] values()
u.aly.S$e: u.aly.S$e valueOf(java.lang.String)
u.aly.T$e: u.aly.T$e[] values()
u.aly.T$e: u.aly.T$e valueOf(java.lang.String)
u.aly.U$e: u.aly.U$e[] values()
u.aly.U$e: u.aly.U$e valueOf(java.lang.String)
u.aly.V$e: u.aly.V$e[] values()
u.aly.V$e: u.aly.V$e valueOf(java.lang.String)
u.aly.W$e: u.aly.W$e[] values()
u.aly.W$e: u.aly.W$e valueOf(java.lang.String)
u.aly.X$e: u.aly.X$e[] values()
u.aly.X$e: u.aly.X$e valueOf(java.lang.String)
u.aly.Y$e: u.aly.Y$e[] values()
u.aly.Y$e: u.aly.Y$e valueOf(java.lang.String)
u.aly.Z$a: u.aly.Z$a[] values()
u.aly.Z$a: u.aly.Z$a valueOf(java.lang.String)