Super2048/proguard/mapping.txt
com.itjiehun.magic.AnimationCell -> com.itjiehun.magic.a:
    int animationType -> b
    long timeElapsed -> c
    long animationTime -> d
    long delayTime -> e
    int[] extras -> a
    int getAnimationType() -> a
    void tick(long) -> a
    boolean animationDone() -> b
    double getPercentageDone() -> c
    boolean isActive() -> d
com.itjiehun.magic.AnimationGrid -> com.itjiehun.magic.b:
    java.util.ArrayList[][] field -> a
    int activeAnimations -> d
    boolean oneMoreFrame -> b
    java.util.ArrayList globalAnimation -> c
    void startAnimation(int,int,int,long,long,int[]) -> a
    void tickAll(long) -> a
    boolean isAnimationActive() -> a
    void cancelAnimations() -> b
com.itjiehun.magic.Cell -> com.itjiehun.magic.c:
    int x -> a
    int y -> b
    int getX() -> e
    int getY() -> f
    void setX(int) -> a
    void setY(int) -> b
com.itjiehun.magic.Grid -> com.itjiehun.magic.d:
    com.itjiehun.magic.Tile[][] field -> a
    com.itjiehun.magic.Tile[][] undoField -> b
    com.itjiehun.magic.Tile[][] bufferField -> c
    com.itjiehun.magic.Cell randomAvailableCell() -> a
    java.util.ArrayList getAvailableCells() -> g
    java.util.ArrayList getNotAvailableCells() -> b
    boolean isCellsAvailable() -> c
    boolean isCellOccupied(com.itjiehun.magic.Cell) -> a
    com.itjiehun.magic.Tile getCellContent(com.itjiehun.magic.Cell) -> b
    boolean isCellWithinBounds(com.itjiehun.magic.Cell) -> c
    void insertTile(com.itjiehun.magic.Tile) -> a
    void removeTile(com.itjiehun.magic.Tile) -> b
    void saveTiles() -> d
    void prepareSaveTiles() -> e
    void clearGrid() -> f
    void clearUndoGrid() -> h
com.itjiehun.magic.InputListener -> com.itjiehun.magic.e:
    float x -> a
    float y -> b
    float lastdx -> c
    float lastdy -> d
    float previousX -> e
    float previousY -> f
    float startingX -> g
    float startingY -> h
    int previousDirection -> i
    int veryLastDirection -> j
    boolean hasMoved -> k
    com.itjiehun.magic.MainView mView -> l
    boolean onTouch(android.view.View,android.view.MotionEvent) -> onTouch
    float pathMoved() -> a
    boolean iconPressed(int,int) -> a
    boolean inRange(float,float,float) -> a
    boolean isTap(int) -> a
com.itjiehun.magic.MainGame -> com.itjiehun.magic.f:
    com.itjiehun.magic.Grid grid -> a
    com.itjiehun.magic.AnimationGrid aGrid -> b
    int numSquaresX -> c
    int numSquaresY -> d
    int startTiles -> e
    int gameState -> f
    boolean canUndo -> g
    long score -> h
    long highScore -> i
    long lastScore -> j
    int lastGameState -> k
    long bufferScore -> l
    int bufferGameState -> m
    android.media.SoundPool soudPool -> n
    java.util.HashMap spMap -> o
    android.content.Context mContext -> p
    com.itjiehun.magic.MainView mView -> q
    void newGame() -> a
    void addStartTiles() -> i
    void addRandomTile() -> j
    void recordHighScore() -> k
    void prepareTiles() -> l
    void saveUndoState() -> m
    void cheat() -> b
    void prepareUndoState() -> n
    void revertUndoState() -> c
    boolean gameWon() -> d
    boolean gameLost() -> e
    boolean isActive() -> f
    void move(int) -> a
    void endGame() -> o
    com.itjiehun.magic.Cell getVector(int) -> b
    java.util.List buildTraversalsY(com.itjiehun.magic.Cell) -> a
    com.itjiehun.magic.Cell[] findFarthestPosition(com.itjiehun.magic.Cell,com.itjiehun.magic.Cell) -> a
    boolean tileMatchesAvailable() -> p
    void setEndlessMode() -> g
    boolean canContinue() -> h
...
com.umeng.update.net.DownloadingService$b -> com.umeng.update.net.f:
    android.content.Context b -> b
    boolean c -> c
    java.io.File d -> d
    int e -> e
    long f -> f
    long g -> g
    int h -> h
    int i -> i
    com.umeng.update.net.DownloadingService$a j -> j
    com.umeng.update.net.a$a k -> k
    com.umeng.update.net.DownloadingService a -> a
    void run() -> run
    void a(int) -> a
    void a(boolean) -> a
    void a(java.lang.Exception) -> a
    android.content.Context a(com.umeng.update.net.DownloadingService$b) -> a
    com.umeng.update.net.DownloadingService b(com.umeng.update.net.DownloadingService$b) -> b
com.umeng.update.net.DownloadingService$b$1 -> com.umeng.update.net.g:
    com.umeng.update.net.DownloadingService$b a -> a
    void run() -> run
com.umeng.update.net.DownloadingService$c -> com.umeng.update.net.h:
    com.umeng.update.net.DownloadingService a -> a
    void handleMessage(android.os.Message) -> handleMessage
com.umeng.update.net.a -> com.umeng.update.net.i:
    java.lang.String b -> b
    android.content.Context c -> c
    com.umeng.update.net.d d -> d
    android.os.Messenger e -> e
    java.lang.String f -> f
    java.lang.String g -> g
    java.lang.String h -> h
    java.lang.String i -> i
    java.lang.String j -> j
    java.lang.String[] k -> k
    boolean l -> l
    boolean m -> m
    boolean n -> n
    android.os.Messenger a -> a
    android.content.ServiceConnection o -> o
    void a(java.lang.String) -> a
    void b(java.lang.String) -> b
    void a$1385ff() -> a
    void b(boolean) -> a
    void c(boolean) -> b
    void a() -> b
    java.lang.String b() -> c
    void a(com.umeng.update.net.a,android.os.Messenger) -> a
    java.lang.String a(com.umeng.update.net.a) -> a
    java.lang.String b(com.umeng.update.net.a) -> b
    java.lang.String c(com.umeng.update.net.a) -> c
    java.lang.String d(com.umeng.update.net.a) -> d
    java.lang.String e(com.umeng.update.net.a) -> e
    java.lang.String[] f(com.umeng.update.net.a) -> f
    boolean g(com.umeng.update.net.a) -> g
    boolean h(com.umeng.update.net.a) -> h
    boolean i(com.umeng.update.net.a) -> i
    android.os.Messenger j(com.umeng.update.net.a) -> j
    com.umeng.update.net.d k(com.umeng.update.net.a) -> k
    android.content.Context l(com.umeng.update.net.a) -> l
    android.content.ServiceConnection m(com.umeng.update.net.a) -> m
com.umeng.update.net.a$1 -> com.umeng.update.net.j:
    com.umeng.update.net.a a -> a
    void onServiceConnected(android.content.ComponentName,android.os.IBinder) -> onServiceConnected
    void onServiceDisconnected(android.content.ComponentName) -> onServiceDisconnected
com.umeng.update.net.a$a -> com.umeng.update.net.k:
    java.lang.String a -> a
    java.lang.String b -> b
    java.lang.String c -> c
    java.lang.String d -> d
    java.lang.String e -> e
    java.lang.String[] f -> f
    boolean g -> g
    boolean h -> h
    boolean i -> i
com.umeng.update.net.a$b -> com.umeng.update.net.l:
    com.umeng.update.net.a a -> a
    void handleMessage(android.os.Message) -> handleMessage
com.umeng.update.net.b -> com.umeng.update.net.m:
    java.lang.String a -> a
    android.content.Context i -> b
    com.umeng.update.net.b$a k -> c
    com.umeng.update.net.b a(android.content.Context) -> a
    boolean a(java.lang.String,java.lang.String) -> a
    void a(java.lang.String,java.lang.String,int) -> a
    void a$13462e() -> a
    void finalize() -> finalize
    java.lang.String a() -> b
com.umeng.update.net.b$a -> com.umeng.update.net.n:
    com.umeng.update.net.b a -> a
    void onCreate(android.database.sqlite.SQLiteDatabase) -> onCreate
    void onUpgrade(android.database.sqlite.SQLiteDatabase,int,int) -> onUpgrade
com.umeng.update.net.b$b -> com.umeng.update.net.o:
    com.umeng.update.net.b a -> a