Super2048/proguard/usage.txt
com.itjiehun.magic.InputListener:
    private static final int SWIPE_MIN_DISTANCE
    private static final int SWIPE_THRESHOLD_VELOCITY
    private static final int MOVE_THRESHOLD
    private static final int RESET_STARTING
com.itjiehun.magic.MainGame:
    public static final int SPAWN_ANIMATION
    public static final int MOVE_ANIMATION
    public static final int MERGE_ANIMATION
    public static final int FADE_GLOBAL_ANIMATION
    public static final long MOVE_ANIMATION_TIME
    public static final long SPAWN_ANIMATION_TIME
    public static final long NOTIFICATION_ANIMATION_TIME
    public static final long NOTIFICATION_DELAY_TIME
    private static final java.lang.String HIGH_SCORE
    public static final int startingMaxValue
    public static final int endingMaxValue
    public static final int GAME_WIN
    public static final int GAME_LOST
    public static final int GAME_NORMAL
    public static final int GAME_NORMAL_WON
    public static final int GAME_ENDLESS
    public static final int GAME_ENDLESS_WON
com.itjiehun.magic.MainView:
    public static final int BASE_ANIMATION_TIME
    private static final float MERGING_ACCELERATION
    private static final float INITIAL_VELOCITY
    220:233:public static android.graphics.Bitmap getRoundedCornerBitmap0(android.graphics.Bitmap,float)
    269:308:private android.graphics.Bitmap getZHBitmap(int)
    359:398:private android.graphics.Bitmap getSXBitmap(int)
    402:450:void drawCellText(android.graphics.Canvas,int,int,int)
    454:466:android.graphics.Bitmap createBitmap(int,int,android.graphics.Bitmap)
com.itjiehun.magic.fbb.BuildConfig
com.itjiehun.magic.fbb.MainActivity:
    public static final java.lang.String WIDTH
    public static final java.lang.String HEIGHT
    public static final java.lang.String SCORE
    public static final java.lang.String HIGH_SCORE
    public static final java.lang.String UNDO_SCORE
    public static final java.lang.String CAN_UNDO
    public static final java.lang.String UNDO_GRID
    public static final java.lang.String GAME_STATE
    public static final java.lang.String UNDO_GAME_STATE
com.itjiehun.magic.fbb.R
com.itjiehun.magic.fbb.R$anim
com.itjiehun.magic.fbb.R$attr
com.itjiehun.magic.fbb.R$color
com.itjiehun.magic.fbb.R$dimen
com.itjiehun.magic.fbb.R$drawable
com.itjiehun.magic.fbb.R$id
com.itjiehun.magic.fbb.R$layout
com.itjiehun.magic.fbb.R$menu
com.itjiehun.magic.fbb.R$raw
com.itjiehun.magic.fbb.R$string
com.itjiehun.magic.fbb.R$style
com.itjiehun.magic.fbb.package-info
com.itjiehun.magic.jxx.package-info
com.itjiehun.magic.umeng.UmengStatic
com.itjiehun.magic.umeng.package-info
com.itjiehun.magic.waps.WapsStatic
com.itjiehun.magic.waps.package-info
com.itjiehun.magic.zh.package-info
...
android.support.v4.text.BidiFormatter$1
android.support.v4.text.BidiFormatter$Builder
android.support.v4.text.BidiFormatter$DirectionalityEstimator
android.support.v4.text.ICUCompat
android.support.v4.text.ICUCompat$ICUCompatImpl
android.support.v4.text.ICUCompat$ICUCompatImplBase
android.support.v4.text.ICUCompat$ICUCompatImplIcs
android.support.v4.text.ICUCompatIcs
android.support.v4.text.TextDirectionHeuristicCompat
android.support.v4.text.TextDirectionHeuristicsCompat
android.support.v4.text.TextDirectionHeuristicsCompat$1
android.support.v4.text.TextDirectionHeuristicsCompat$AnyStrong
android.support.v4.text.TextDirectionHeuristicsCompat$FirstStrong
android.support.v4.text.TextDirectionHeuristicsCompat$TextDirectionAlgorithm
android.support.v4.text.TextDirectionHeuristicsCompat$TextDirectionHeuristicImpl
android.support.v4.text.TextDirectionHeuristicsCompat$TextDirectionHeuristicInternal
android.support.v4.text.TextDirectionHeuristicsCompat$TextDirectionHeuristicLocale
android.support.v4.text.TextUtilsCompat
android.support.v4.util.ArrayMap:
    61:62:public ArrayMap(int)
    68:69:public ArrayMap(android.support.v4.util.SimpleArrayMap)
    130:130:public boolean containsAll(java.util.Collection)
    151:151:public boolean removeAll(java.util.Collection)
    161:161:public boolean retainAll(java.util.Collection)
android.support.v4.util.AtomicFile
android.support.v4.util.ContainerHelpers:
    19:19:ContainerHelpers()
    29:29:public static int idealLongArraySize(int)
    65:80:static int binarySearch(long[],int,long)
android.support.v4.util.DebugUtils:
    25:25:public DebugUtils()
android.support.v4.util.LongSparseArray
android.support.v4.util.LruCache
android.support.v4.util.SimpleArrayMap:
    private static final boolean DEBUG
    private static final java.lang.String TAG
    private static final int BASE_SIZE
    private static final int CACHE_SIZE
    217:225:public SimpleArrayMap(int)
    231:235:public SimpleArrayMap(android.support.v4.util.SimpleArrayMap)
    419:432:public void putAll(android.support.v4.util.SimpleArrayMap)
android.support.v4.util.SparseArrayCompat:
    76:76:public java.lang.Object get(int)
    85:90:public java.lang.Object get(int,java.lang.Object)
    98:106:public void delete(int)
    112:113:public void remove(int)
    119:123:public void removeAt(int)
    132:136:public void removeAtRange(int,int)
    172:216:public void put(int,java.lang.Object)
    263:268:public void setValueAt(int,java.lang.Object)
    276:280:public int indexOfKey(int)
    294:302:public int indexOfValue(java.lang.Object)
    325:352:public void append(int,java.lang.Object)
android.support.v4.util.TimeUtils
android.support.v4.view.AccessibilityDelegateCompatIcs:
    28:30:AccessibilityDelegateCompatIcs()
android.support.v4.view.AccessibilityDelegateCompatJellyBean:
    30:32:AccessibilityDelegateCompatJellyBean()
android.support.v4.view.ActionProvider
android.support.v4.view.ActionProvider$SubUiVisibilityListener
android.support.v4.view.ActionProvider$VisibilityListener
android.support.v4.view.GestureDetectorCompat
android.support.v4.view.GestureDetectorCompat$GestureDetectorCompatImpl
android.support.v4.view.GestureDetectorCompat$GestureDetectorCompatImplBase
android.support.v4.view.GestureDetectorCompat$GestureDetectorCompatImplBase$GestureHandler
android.support.v4.view.GestureDetectorCompat$GestureDetectorCompatImplJellybeanMr2
android.support.v4.view.GravityCompat:
    public static final int RELATIVE_LAYOUT_DIRECTION
    public static final int START
    public static final int END
    public static final int RELATIVE_HORIZONTAL_GRAVITY_MASK
    27:62:public GravityCompat()
    132:133:public static void apply(int,int,int,android.graphics.Rect,android.graphics.Rect,int)
    162:163:public static void apply(int,int,int,android.graphics.Rect,int,int,android.graphics.Rect,int)
    186:187:public static void applyDisplay(int,android.graphics.Rect,android.graphics.Rect,int)